{"/Users/chongjonghoa/Desktop/EfreiM2TDDPoker/poker.js": {"path":"/Users/chongjonghoa/Desktop/EfreiM2TDDPoker/poker.js","statementMap":{"0":{"start":{"line":1,"column":17},"end":{"line":1,"column":36}},"1":{"start":{"line":3,"column":14},"end":{"line":14,"column":1}},"2":{"start":{"line":16,"column":18},"end":{"line":16,"column":36}},"3":{"start":{"line":18,"column":17},"end":{"line":25,"column":1}},"4":{"start":{"line":19,"column":2},"end":{"line":23,"column":3}},"5":{"start":{"line":20,"column":4},"end":{"line":22,"column":5}},"6":{"start":{"line":21,"column":6},"end":{"line":21,"column":25}},"7":{"start":{"line":24,"column":2},"end":{"line":24,"column":11}},"8":{"start":{"line":28,"column":20},"end":{"line":28,"column":35}},"9":{"start":{"line":29,"column":19},"end":{"line":29,"column":33}},"10":{"start":{"line":31,"column":2},"end":{"line":42,"column":3}},"11":{"start":{"line":32,"column":4},"end":{"line":32,"column":59}},"12":{"start":{"line":33,"column":4},"end":{"line":33,"column":31}},"13":{"start":{"line":34,"column":4},"end":{"line":34,"column":13}},"14":{"start":{"line":35,"column":9},"end":{"line":42,"column":3}},"15":{"start":{"line":36,"column":4},"end":{"line":36,"column":59}},"16":{"start":{"line":37,"column":4},"end":{"line":37,"column":30}},"17":{"start":{"line":38,"column":4},"end":{"line":38,"column":14}},"18":{"start":{"line":40,"column":4},"end":{"line":40,"column":61}},"19":{"start":{"line":41,"column":4},"end":{"line":41,"column":13}},"20":{"start":{"line":45,"column":11},"end":{"line":48,"column":2}},"21":{"start":{"line":50,"column":19},"end":{"line":50,"column":37}},"22":{"start":{"line":52,"column":20},"end":{"line":54,"column":1}},"23":{"start":{"line":53,"column":2},"end":{"line":53,"column":57}},"24":{"start":{"line":53,"column":30},"end":{"line":53,"column":55}},"25":{"start":{"line":56,"column":19},"end":{"line":66,"column":1}},"26":{"start":{"line":57,"column":2},"end":{"line":65,"column":5}},"27":{"start":{"line":58,"column":17},"end":{"line":58,"column":60}},"28":{"start":{"line":58,"column":48},"end":{"line":58,"column":59}},"29":{"start":{"line":59,"column":4},"end":{"line":64,"column":5}},"30":{"start":{"line":60,"column":6},"end":{"line":60,"column":21}},"31":{"start":{"line":62,"column":6},"end":{"line":62,"column":53}},"32":{"start":{"line":63,"column":6},"end":{"line":63,"column":35}},"33":{"start":{"line":68,"column":17},"end":{"line":81,"column":1}},"34":{"start":{"line":69,"column":2},"end":{"line":80,"column":5}},"35":{"start":{"line":70,"column":4},"end":{"line":79,"column":7}},"36":{"start":{"line":71,"column":6},"end":{"line":71,"column":40}},"37":{"start":{"line":72,"column":6},"end":{"line":78,"column":9}},"38":{"start":{"line":73,"column":8},"end":{"line":77,"column":9}},"39":{"start":{"line":74,"column":10},"end":{"line":74,"column":21}},"40":{"start":{"line":76,"column":10},"end":{"line":76,"column":21}},"41":{"start":{"line":83,"column":0},"end":{"line":83,"column":11}},"42":{"start":{"line":85,"column":0},"end":{"line":91,"column":2}}},"fnMap":{"0":{"name":"(anonymous_0)","decl":{"start":{"line":18,"column":17},"end":{"line":18,"column":18}},"loc":{"start":{"line":18,"column":27},"end":{"line":25,"column":1}},"line":18},"1":{"name":"compareHands","decl":{"start":{"line":27,"column":9},"end":{"line":27,"column":21}},"loc":{"start":{"line":27,"column":35},"end":{"line":43,"column":1}},"line":27},"2":{"name":"(anonymous_2)","decl":{"start":{"line":52,"column":20},"end":{"line":52,"column":21}},"loc":{"start":{"line":52,"column":30},"end":{"line":54,"column":1}},"line":52},"3":{"name":"(anonymous_3)","decl":{"start":{"line":53,"column":20},"end":{"line":53,"column":21}},"loc":{"start":{"line":53,"column":30},"end":{"line":53,"column":55}},"line":53},"4":{"name":"(anonymous_4)","decl":{"start":{"line":56,"column":19},"end":{"line":56,"column":20}},"loc":{"start":{"line":56,"column":41},"end":{"line":66,"column":1}},"line":56},"5":{"name":"(anonymous_5)","decl":{"start":{"line":57,"column":23},"end":{"line":57,"column":24}},"loc":{"start":{"line":57,"column":34},"end":{"line":65,"column":3}},"line":57},"6":{"name":"(anonymous_6)","decl":{"start":{"line":58,"column":38},"end":{"line":58,"column":39}},"loc":{"start":{"line":58,"column":48},"end":{"line":58,"column":59}},"line":58},"7":{"name":"(anonymous_7)","decl":{"start":{"line":68,"column":17},"end":{"line":68,"column":18}},"loc":{"start":{"line":68,"column":23},"end":{"line":81,"column":1}},"line":68},"8":{"name":"(anonymous_8)","decl":{"start":{"line":69,"column":57},"end":{"line":69,"column":58}},"loc":{"start":{"line":69,"column":72},"end":{"line":80,"column":3}},"line":69},"9":{"name":"(anonymous_9)","decl":{"start":{"line":70,"column":58},"end":{"line":70,"column":59}},"loc":{"start":{"line":70,"column":72},"end":{"line":79,"column":5}},"line":70},"10":{"name":"(anonymous_10)","decl":{"start":{"line":72,"column":59},"end":{"line":72,"column":60}},"loc":{"start":{"line":72,"column":71},"end":{"line":78,"column":7}},"line":72}},"branchMap":{"0":{"loc":{"start":{"line":20,"column":4},"end":{"line":22,"column":5}},"type":"if","locations":[{"start":{"line":20,"column":4},"end":{"line":22,"column":5}},{"start":{},"end":{}}],"line":20},"1":{"loc":{"start":{"line":31,"column":2},"end":{"line":42,"column":3}},"type":"if","locations":[{"start":{"line":31,"column":2},"end":{"line":42,"column":3}},{"start":{"line":35,"column":9},"end":{"line":42,"column":3}}],"line":31},"2":{"loc":{"start":{"line":35,"column":9},"end":{"line":42,"column":3}},"type":"if","locations":[{"start":{"line":35,"column":9},"end":{"line":42,"column":3}},{"start":{"line":39,"column":9},"end":{"line":42,"column":3}}],"line":35},"3":{"loc":{"start":{"line":59,"column":4},"end":{"line":64,"column":5}},"type":"if","locations":[{"start":{"line":59,"column":4},"end":{"line":64,"column":5}},{"start":{"line":61,"column":11},"end":{"line":64,"column":5}}],"line":59},"4":{"loc":{"start":{"line":73,"column":8},"end":{"line":77,"column":9}},"type":"if","locations":[{"start":{"line":73,"column":8},"end":{"line":77,"column":9}},{"start":{"line":75,"column":15},"end":{"line":77,"column":9}}],"line":73}},"s":{"0":1,"1":1,"2":1,"3":1,"4":20,"5":121,"6":18,"7":2,"8":6,"9":6,"10":6,"11":2,"12":2,"13":2,"14":4,"15":2,"16":2,"17":2,"18":2,"19":2,"20":1,"21":1,"22":1,"23":5,"24":7,"25":1,"26":2,"27":0,"28":0,"29":0,"30":0,"31":0,"32":0,"33":1,"34":1,"35":0,"36":0,"37":0,"38":0,"39":0,"40":0,"41":1,"42":1},"f":{"0":20,"1":6,"2":5,"3":7,"4":2,"5":0,"6":0,"7":1,"8":0,"9":0,"10":0},"b":{"0":[18,103],"1":[2,4],"2":[2,2],"3":[0,0],"4":[0,0]},"_coverageSchema":"1a1c01bbd47fc00a2c39e90264f33305004495a9","hash":"192fff6175dc537043cf8614f9411d31f0f6a74d"}
}
